# JRE version: OpenJDK Runtime Environment (11.0.11+9) (build 11.0.11+9-b60-7590822)
# Java VM: OpenJDK 64-Bit Server VM (11.0.11+9-b60-7590822, mixed mode, tiered, compressed oops, g1 gc, windows-amd64)
Heap:
 garbage-first heap   total 453632K, used 201146K [0x0000000080000000, 0x0000000100000000)
  region size 1024K, 35 young (35840K), 15 survivors (15360K)
 Metaspace       used 197275K, capacity 201920K, committed 202104K, reserved 1224704K
  class space    used 24257K, capacity 25996K, committed 26060K, reserved 1048576K
GC Heap History (20 events):
Event: 1452.952 GC heap before
{Heap before GC invocations=100 (full 0):
 garbage-first heap   total 453632K, used 316416K [0x0000000080000000, 0x0000000100000000)
  region size 1024K, 62 young (63488K), 3 survivors (3072K)
 Metaspace       used 195451K, capacity 199921K, committed 200312K, reserved 1224704K
  class space    used 24196K, capacity 25856K, committed 26060K, reserved 1048576K
}
Event: 1452.970 GC heap after
{Heap after GC invocations=101 (full 0):
 garbage-first heap   total 453632K, used 266240K [0x0000000080000000, 0x0000000100000000)
  region size 1024K, 8 young (8192K), 8 survivors (8192K)
 Metaspace       used 195451K, capacity 199921K, committed 200312K, reserved 1224704K
  class space    used 24196K, capacity 25856K, committed 26060K, reserved 1048576K
}
Event: 1453.340 GC heap before
{Heap before GC invocations=102 (full 0):
 garbage-first heap   total 453632K, used 244736K [0x0000000080000000, 0x0000000100000000)
  region size 1024K, 69 young (70656K), 8 survivors (8192K)
 Metaspace       used 196044K, capacity 200561K, committed 200824K, reserved 1224704K
  class space    used 24207K, capacity 25929K, committed 26060K, reserved 1048576K
}
Event: 1453.348 GC heap after
{Heap after GC invocations=103 (full 0):
 garbage-first heap   total 453632K, used 184366K [0x0000000080000000, 0x0000000100000000)
  region size 1024K, 3 young (3072K), 3 survivors (3072K)
 Metaspace       used 196044K, capacity 200561K, committed 200824K, reserved 1224704K
  class space    used 24207K, capacity 25929K, committed 26060K, reserved 1048576K
}
Event: 1453.403 GC heap before
{Heap before GC invocations=103 (full 0):
 garbage-first heap   total 453632K, used 202798K [0x0000000080000000, 0x0000000100000000)
  region size 1024K, 22 young (22528K), 3 survivors (3072K)
 Metaspace       used 196072K, capacity 200626K, committed 200824K, reserved 1224704K
  class space    used 24207K, capacity 25929K, committed 26060K, reserved 1048576K
}
Event: 1453.412 GC heap after
{Heap after GC invocations=104 (full 0):
 garbage-first heap   total 453632K, used 160302K [0x0000000080000000, 0x0000000100000000)
  region size 1024K, 3 young (3072K), 3 survivors (3072K)
 Metaspace       used 196072K, capacity 200626K, committed 200824K, reserved 1224704K
  class space    used 24207K, capacity 25929K, committed 26060K, reserved 1048576K
}
Event: 1453.430 GC heap before
{Heap before GC invocations=104 (full 0):
 garbage-first heap   total 453632K, used 164398K [0x0000000080000000, 0x0000000100000000)
  region size 1024K, 9 young (9216K), 3 survivors (3072K)
 Metaspace       used 196108K, capacity 200628K, committed 200824K, reserved 1224704K
  class space    used 24207K, capacity 25929K, committed 26060K, reserved 1048576K
}
Event: 1453.434 GC heap after
{Heap after GC invocations=105 (full 0):
 garbage-first heap   total 453632K, used 160606K [0x0000000080000000, 0x0000000100000000)
  region size 1024K, 4 young (4096K), 4 survivors (4096K)
 Metaspace       used 196108K, capacity 200628K, committed 200824K, reserved 1224704K
  class space    used 24207K, capacity 25929K, committed 26060K, reserved 1048576K
}
Event: 1729.113 GC heap before
{Heap before GC invocations=106 (full 0):
 garbage-first heap   total 453632K, used 271198K [0x0000000080000000, 0x0000000100000000)
  region size 1024K, 100 young (102400K), 4 survivors (4096K)
 Metaspace       used 196541K, capacity 201223K, committed 201336K, reserved 1224704K
  class space    used 24231K, capacity 25970K, committed 26060K, reserved 1048576K
}
Event: 1729.120 GC heap after
{Heap after GC invocations=107 (full 0):
 garbage-first heap   total 453632K, used 164138K [0x0000000080000000, 0x0000000100000000)
  region size 1024K, 7 young (7168K), 7 survivors (7168K)
 Metaspace       used 196541K, capacity 201223K, committed 201336K, reserved 1224704K
  class space    used 24231K, capacity 25970K, committed 26060K, reserved 1048576K
}
Event: 1729.196 GC heap before
{Heap before GC invocations=107 (full 0):
 garbage-first heap   total 453632K, used 178474K [0x0000000080000000, 0x0000000100000000)
  region size 1024K, 22 young (22528K), 7 survivors (7168K)
 Metaspace       used 196598K, capacity 201329K, committed 201592K, reserved 1224704K
  class space    used 24237K, capacity 25982K, committed 26060K, reserved 1048576K
}
Event: 1729.203 GC heap after
{Heap after GC invocations=108 (full 0):
 garbage-first heap   total 453632K, used 164101K [0x0000000080000000, 0x0000000100000000)
  region size 1024K, 3 young (3072K), 3 survivors (3072K)
 Metaspace       used 196598K, capacity 201329K, committed 201592K, reserved 1224704K
  class space    used 24237K, capacity 25982K, committed 26060K, reserved 1048576K
}
Event: 1731.300 GC heap before
{Heap before GC invocations=108 (full 0):
 garbage-first heap   total 453632K, used 271621K [0x0000000080000000, 0x0000000100000000)
  region size 1024K, 109 young (111616K), 3 survivors (3072K)
 Metaspace       used 196897K, capacity 201576K, committed 201848K, reserved 1224704K
  class space    used 24242K, capacity 25990K, committed 26060K, reserved 1048576K
}
Event: 1731.308 GC heap after
{Heap after GC invocations=109 (full 0):
 garbage-first heap   total 453632K, used 166754K [0x0000000080000000, 0x0000000100000000)
  region size 1024K, 5 young (5120K), 5 survivors (5120K)
 Metaspace       used 196897K, capacity 201576K, committed 201848K, reserved 1224704K
  class space    used 24242K, capacity 25990K, committed 26060K, reserved 1048576K
}
Event: 4307.468 GC heap before
{Heap before GC invocations=110 (full 0):
 garbage-first heap   total 453632K, used 296802K [0x0000000080000000, 0x0000000100000000)
  region size 1024K, 122 young (124928K), 5 survivors (5120K)
 Metaspace       used 197097K, capacity 201789K, committed 202104K, reserved 1224704K
  class space    used 24245K, capacity 25995K, committed 26060K, reserved 1048576K
}
Event: 4307.477 GC heap after
{Heap after GC invocations=111 (full 0):
 garbage-first heap   total 453632K, used 172032K [0x0000000080000000, 0x0000000100000000)
  region size 1024K, 11 young (11264K), 11 survivors (11264K)
 Metaspace       used 197097K, capacity 201789K, committed 202104K, reserved 1224704K
  class space    used 24245K, capacity 25995K, committed 26060K, reserved 1048576K
}
Event: 4307.522 GC heap before
{Heap before GC invocations=111 (full 0):
 garbage-first heap   total 453632K, used 184320K [0x0000000080000000, 0x0000000100000000)
  region size 1024K, 22 young (22528K), 11 survivors (11264K)
 Metaspace       used 197105K, capacity 201789K, committed 202104K, reserved 1224704K
  class space    used 24245K, capacity 25995K, committed 26060K, reserved 1048576K
}
Event: 4307.537 GC heap after
{Heap after GC invocations=112 (full 0):
 garbage-first heap   total 453632K, used 161564K [0x0000000080000000, 0x0000000100000000)
  region size 1024K, 3 young (3072K), 3 survivors (3072K)
 Metaspace       used 197105K, capacity 201789K, committed 202104K, reserved 1224704K
  class space    used 24245K, capacity 25995K, committed 26060K, reserved 1048576K
}
Event: 4307.688 GC heap before
{Heap before GC invocations=112 (full 0):
 garbage-first heap   total 453632K, used 187164K [0x0000000080000000, 0x0000000100000000)
  region size 1024K, 29 young (29696K), 3 survivors (3072K)
 Metaspace       used 197263K, capacity 201917K, committed 202104K, reserved 1224704K
  class space    used 24257K, capacity 25995K, committed 26060K, reserved 1048576K
}
Event: 4307.699 GC heap after
{Heap after GC invocations=113 (full 0):
 garbage-first heap   total 453632K, used 173498K [0x0000000080000000, 0x0000000100000000)
  region size 1024K, 15 young (15360K), 15 survivors (15360K)
 Metaspace       used 197263K, capacity 201917K, committed 202104K, reserved 1224704K
  class space    used 24257K, capacity 25995K, committed 26060K, reserved 1048576K
}

